2025-05-21 18:38:22 | INFO     | uvicorn.server:_serve:83 - Started server process [1712888]
2025-05-21 18:38:22 | INFO     | uvicorn.lifespan.on:startup:48 - Waiting for application startup.
2025-05-21 18:38:22 | INFO     | uvicorn.lifespan.on:startup:62 - Application startup complete.
2025-05-21 18:38:30 | INFO     | uvicorn.protocols.http.h11_impl:send:473 - 127.0.0.1:48898 - "GET /docs HTTP/1.1" 200
2025-05-21 18:38:30 | INFO     | uvicorn.protocols.http.h11_impl:send:473 - 127.0.0.1:48898 - "GET /openapi.json HTTP/1.1" 200
2025-05-21 18:38:54 | INFO     | uvicorn.server:shutdown:263 - Shutting down
2025-05-21 18:49:32 | INFO     | uvicorn.server:_serve:83 - Started server process [1718631]
2025-05-21 18:49:32 | INFO     | uvicorn.lifespan.on:startup:48 - Waiting for application startup.
2025-05-21 18:49:32 | INFO     | uvicorn.lifespan.on:startup:62 - Application startup complete.
2025-05-21 18:49:32 | INFO     | uvicorn.protocols.http.h11_impl:send:473 - 127.0.0.1:48342 - "GET /docs HTTP/1.1" 200
2025-05-21 18:49:32 | INFO     | uvicorn.protocols.http.h11_impl:send:473 - 127.0.0.1:48344 - "GET /docs HTTP/1.1" 200
2025-05-21 18:49:33 | INFO     | uvicorn.protocols.http.h11_impl:send:473 - 127.0.0.1:48344 - "GET /openapi.json HTTP/1.1" 200
2025-05-21 18:50:47 | INFO     | uvicorn.server:shutdown:263 - Shutting down
2025-05-21 18:50:55 | INFO     | uvicorn.server:_serve:83 - Started server process [1719308]
2025-05-21 18:50:55 | INFO     | uvicorn.lifespan.on:startup:48 - Waiting for application startup.
2025-05-21 18:50:55 | INFO     | uvicorn.lifespan.on:startup:62 - Application startup complete.
2025-05-21 18:51:00 | INFO     | uvicorn.server:shutdown:263 - Shutting down
2025-05-21 18:51:03 | INFO     | uvicorn.server:_serve:83 - Started server process [1719441]
2025-05-21 18:51:03 | INFO     | uvicorn.lifespan.on:startup:48 - Waiting for application startup.
2025-05-21 18:51:03 | INFO     | uvicorn.lifespan.on:startup:62 - Application startup complete.
2025-05-21 18:53:01 | INFO     | uvicorn.protocols.http.h11_impl:send:473 - 127.0.0.1:43760 - "GET /docs HTTP/1.1" 200
2025-05-21 18:53:02 | INFO     | uvicorn.protocols.http.h11_impl:send:473 - 127.0.0.1:43760 - "GET /openapi.json HTTP/1.1" 200
2025-05-21 18:53:15 | INFO     | app.services.database_service:__init__:21 - Initializing database connection to: postgresql+asyncpg://postgres:GzIKYLsrcO2fgt6Z@localhost:5432/postgres
2025-05-21 18:53:15 | INFO     | app.services.database_service:__init__:28 - Database engine created successfully
2025-05-21 18:53:15 | INFO     | uvicorn.protocols.http.h11_impl:send:473 - 127.0.0.1:43774 - "POST /user/ HTTP/1.1" 500
2025-05-21 18:53:19 | INFO     | uvicorn.protocols.http.h11_impl:send:473 - 127.0.0.1:43774 - "POST /user/ HTTP/1.1" 500
2025-05-21 18:53:48 | INFO     | uvicorn.server:shutdown:263 - Shutting down
2025-05-21 18:53:54 | INFO     | uvicorn.server:_serve:83 - Started server process [1720587]
2025-05-21 18:53:54 | INFO     | uvicorn.lifespan.on:startup:48 - Waiting for application startup.
2025-05-21 18:53:54 | INFO     | uvicorn.lifespan.on:startup:62 - Application startup complete.
2025-05-21 18:54:01 | INFO     | uvicorn.server:shutdown:263 - Shutting down
2025-05-21 18:54:03 | INFO     | uvicorn.server:_serve:83 - Started server process [1720698]
2025-05-21 18:54:03 | INFO     | uvicorn.lifespan.on:startup:48 - Waiting for application startup.
2025-05-21 18:54:03 | INFO     | uvicorn.lifespan.on:startup:62 - Application startup complete.
2025-05-21 18:54:03 | INFO     | uvicorn.protocols.http.h11_impl:send:473 - 127.0.0.1:34306 - "GET /docs HTTP/1.1" 200
2025-05-21 18:54:04 | INFO     | uvicorn.protocols.http.h11_impl:send:473 - 127.0.0.1:34306 - "GET /openapi.json HTTP/1.1" 200
2025-05-21 18:54:15 | INFO     | uvicorn.server:shutdown:263 - Shutting down
2025-05-21 18:54:15 | INFO     | uvicorn.lifespan.on:shutdown:67 - Waiting for application shutdown.
2025-05-21 18:54:17 | INFO     | uvicorn.server:_serve:83 - Started server process [1720908]
2025-05-21 18:54:17 | INFO     | uvicorn.lifespan.on:startup:48 - Waiting for application startup.
2025-05-21 18:54:17 | INFO     | uvicorn.lifespan.on:startup:62 - Application startup complete.
2025-05-21 19:01:36 | INFO     | app.services.database_service:__init__:21 - Initializing database connection to: postgresql+asyncpg://postgres:GzIKYLsrcO2fgt6Z@localhost:5432/postgres
2025-05-21 19:01:36 | INFO     | app.services.database_service:__init__:28 - Database engine created successfully
2025-05-21 19:01:36 | INFO     | uvicorn.protocols.http.h11_impl:send:473 - 127.0.0.1:53226 - "POST /user/ HTTP/1.1" 500
2025-05-21 19:01:38 | INFO     | uvicorn.protocols.http.h11_impl:send:473 - 127.0.0.1:53226 - "POST /user/ HTTP/1.1" 500
2025-05-21 19:02:58 | INFO     | uvicorn.server:shutdown:263 - Shutting down
2025-05-21 19:02:58 | INFO     | uvicorn.lifespan.on:shutdown:67 - Waiting for application shutdown.
2025-05-21 19:03:00 | INFO     | uvicorn.server:_serve:83 - Started server process [1724666]
2025-05-21 19:03:00 | INFO     | uvicorn.lifespan.on:startup:48 - Waiting for application startup.
2025-05-21 19:03:00 | INFO     | uvicorn.lifespan.on:startup:62 - Application startup complete.
2025-05-21 19:03:57 | INFO     | uvicorn.server:shutdown:263 - Shutting down
2025-05-21 19:03:57 | INFO     | uvicorn.lifespan.on:shutdown:67 - Waiting for application shutdown.
2025-05-21 19:03:57 | INFO     | uvicorn.lifespan.on:shutdown:76 - Application shutdown complete.
2025-05-21 19:04:02 | INFO     | uvicorn.server:_serve:83 - Started server process [1725149]
2025-05-21 19:04:02 | INFO     | uvicorn.lifespan.on:startup:48 - Waiting for application startup.
2025-05-21 19:04:02 | INFO     | uvicorn.lifespan.on:startup:62 - Application startup complete.
2025-05-21 19:04:13 | INFO     | uvicorn.server:shutdown:263 - Shutting down
2025-05-21 19:04:14 | INFO     | uvicorn.server:_serve:83 - Started server process [1725300]
2025-05-21 19:04:14 | INFO     | uvicorn.lifespan.on:startup:48 - Waiting for application startup.
2025-05-21 19:04:14 | INFO     | uvicorn.lifespan.on:startup:62 - Application startup complete.
2025-05-21 19:04:19 | INFO     | app.services.database_service:__init__:21 - Initializing database connection to: postgresql+asyncpg://postgres:GzIKYLsrcO2fgt6Z@localhost:5432/postgres
2025-05-21 19:04:19 | INFO     | app.services.database_service:__init__:28 - Database engine created successfully
2025-05-21 19:04:19 | INFO     | uvicorn.protocols.http.h11_impl:send:473 - 127.0.0.1:54530 - "POST /user/ HTTP/1.1" 422
2025-05-21 19:04:39 | INFO     | uvicorn.protocols.http.h11_impl:send:473 - 127.0.0.1:37868 - "POST /user/ HTTP/1.1" 422
2025-05-21 19:04:45 | INFO     | uvicorn.protocols.http.h11_impl:send:473 - 127.0.0.1:46278 - "GET /docs HTTP/1.1" 200
2025-05-21 19:04:46 | INFO     | uvicorn.protocols.http.h11_impl:send:473 - 127.0.0.1:46278 - "GET /openapi.json HTTP/1.1" 200
2025-05-21 19:04:58 | INFO     | uvicorn.protocols.http.h11_impl:send:473 - 127.0.0.1:46280 - "POST /user/ HTTP/1.1" 500
2025-05-21 19:05:01 | INFO     | uvicorn.protocols.http.h11_impl:send:473 - 127.0.0.1:46280 - "POST /user/ HTTP/1.1" 500
2025-05-21 19:07:22 | INFO     | uvicorn.server:_serve:83 - Started server process [1726887]
2025-05-21 19:07:22 | INFO     | uvicorn.lifespan.on:startup:48 - Waiting for application startup.
2025-05-21 19:07:22 | INFO     | uvicorn.lifespan.on:startup:62 - Application startup complete.
2025-05-21 19:07:25 | INFO     | app.services.database_service:__init__:21 - Initializing database connection to: postgresql+asyncpg://postgres:postgres@localhost:5432/postgres
2025-05-21 19:07:25 | INFO     | app.services.database_service:__init__:28 - Database engine created successfully
2025-05-21 19:07:25 | INFO     | sqlalchemy.log:log:210 - select pg_catalog.version()
2025-05-21 19:07:25 | INFO     | sqlalchemy.log:log:210 - [raw sql] ()
2025-05-21 19:07:25 | INFO     | sqlalchemy.log:log:210 - select current_schema()
2025-05-21 19:07:25 | INFO     | sqlalchemy.log:log:210 - [raw sql] ()
2025-05-21 19:07:25 | INFO     | sqlalchemy.log:log:210 - show standard_conforming_strings
2025-05-21 19:07:25 | INFO     | sqlalchemy.log:log:210 - [raw sql] ()
2025-05-21 19:07:25 | INFO     | sqlalchemy.log:log:210 - BEGIN (implicit)
2025-05-21 19:07:25 | INFO     | sqlalchemy.log:log:210 - INSERT INTO users (id, username) VALUES ($1::UUID, $2::VARCHAR)
2025-05-21 19:07:25 | INFO     | sqlalchemy.log:log:210 - [generated in 0.00056s] (UUID('3fa85f64-5717-4562-b3fc-2c963f66afa6'), 'OttavioAP')
2025-05-21 19:07:25 | INFO     | sqlalchemy.log:log:210 - ROLLBACK
2025-05-21 19:07:25 | INFO     | uvicorn.protocols.http.h11_impl:send:473 - 127.0.0.1:59870 - "POST /user/ HTTP/1.1" 500
2025-05-21 19:09:41 | INFO     | uvicorn.server:shutdown:263 - Shutting down
2025-05-21 19:09:41 | INFO     | uvicorn.lifespan.on:shutdown:67 - Waiting for application shutdown.
2025-05-21 19:09:47 | INFO     | uvicorn.server:_serve:83 - Started server process [1728087]
2025-05-21 19:09:47 | INFO     | uvicorn.lifespan.on:startup:48 - Waiting for application startup.
2025-05-21 19:09:47 | INFO     | uvicorn.lifespan.on:startup:62 - Application startup complete.
2025-05-21 19:10:41 | INFO     | app.services.database_service:__init__:21 - Initializing database connection to: postgresql+asyncpg://postgres:postgres@localhost:5432/postgres
2025-05-21 19:10:41 | INFO     | app.services.database_service:__init__:28 - Database engine created successfully
2025-05-21 19:10:41 | INFO     | sqlalchemy.log:log:210 - select pg_catalog.version()
2025-05-21 19:10:41 | INFO     | sqlalchemy.log:log:210 - [raw sql] ()
2025-05-21 19:10:41 | INFO     | sqlalchemy.log:log:210 - select current_schema()
2025-05-21 19:10:41 | INFO     | sqlalchemy.log:log:210 - [raw sql] ()
2025-05-21 19:10:41 | INFO     | sqlalchemy.log:log:210 - show standard_conforming_strings
2025-05-21 19:10:41 | INFO     | sqlalchemy.log:log:210 - [raw sql] ()
2025-05-21 19:10:41 | INFO     | sqlalchemy.log:log:210 - BEGIN (implicit)
2025-05-21 19:10:41 | INFO     | sqlalchemy.log:log:210 - INSERT INTO users (id, username) VALUES ($1::UUID, $2::VARCHAR)
2025-05-21 19:10:41 | INFO     | sqlalchemy.log:log:210 - [generated in 0.00056s] (UUID('3fa85f64-5717-4562-b3fc-2c963f66afa6'), 'OttavioAP')
2025-05-21 19:10:41 | INFO     | sqlalchemy.log:log:210 - COMMIT
2025-05-21 19:10:41 | INFO     | sqlalchemy.log:log:210 - BEGIN (implicit)
2025-05-21 19:10:41 | INFO     | sqlalchemy.log:log:210 - SELECT users.id, users.username 
FROM users 
WHERE users.id = $1::UUID
2025-05-21 19:10:41 | INFO     | sqlalchemy.log:log:210 - [generated in 0.00055s] (UUID('3fa85f64-5717-4562-b3fc-2c963f66afa6'),)
2025-05-21 19:10:41 | INFO     | sqlalchemy.log:log:210 - ROLLBACK
2025-05-21 19:10:41 | INFO     | uvicorn.protocols.http.h11_impl:send:473 - 127.0.0.1:42606 - "POST /user/ HTTP/1.1" 201
2025-05-21 20:38:54 | INFO     | uvicorn.server:_serve:83 - Started server process [1801054]
2025-05-21 20:38:54 | INFO     | uvicorn.lifespan.on:startup:48 - Waiting for application startup.
2025-05-21 20:38:54 | INFO     | uvicorn.lifespan.on:startup:62 - Application startup complete.
2025-05-21 20:38:59 | INFO     | uvicorn.protocols.http.h11_impl:send:473 - 127.0.0.1:49470 - "GET /openapi.json HTTP/1.1" 200
2025-05-21 20:39:20 | INFO     | uvicorn.protocols.http.h11_impl:send:473 - 127.0.0.1:41350 - "GET /docs HTTP/1.1" 200
2025-05-21 20:39:21 | INFO     | uvicorn.protocols.http.h11_impl:send:473 - 127.0.0.1:41350 - "GET /openapi.json HTTP/1.1" 200
2025-05-21 21:01:13 | INFO     | uvicorn.server:shutdown:263 - Shutting down
2025-05-21 21:01:13 | INFO     | uvicorn.lifespan.on:shutdown:67 - Waiting for application shutdown.
2025-05-21 21:01:14 | INFO     | uvicorn.server:_serve:83 - Started server process [1819803]
2025-05-21 21:01:14 | INFO     | uvicorn.lifespan.on:startup:48 - Waiting for application startup.
2025-05-21 21:01:14 | INFO     | uvicorn.lifespan.on:startup:62 - Application startup complete.
2025-05-21 21:01:45 | INFO     | uvicorn.server:shutdown:263 - Shutting down
2025-05-21 21:01:47 | INFO     | uvicorn.server:_serve:83 - Started server process [1820319]
2025-05-21 21:01:47 | INFO     | uvicorn.lifespan.on:startup:48 - Waiting for application startup.
2025-05-21 21:01:47 | INFO     | uvicorn.lifespan.on:startup:62 - Application startup complete.
2025-05-21 21:02:31 | INFO     | uvicorn.server:shutdown:263 - Shutting down
2025-05-21 21:02:33 | INFO     | uvicorn.server:_serve:83 - Started server process [1821058]
2025-05-21 21:02:33 | INFO     | uvicorn.lifespan.on:startup:48 - Waiting for application startup.
2025-05-21 21:02:33 | INFO     | uvicorn.lifespan.on:startup:62 - Application startup complete.
2025-05-21 21:03:14 | INFO     | uvicorn.server:shutdown:263 - Shutting down
2025-05-21 21:03:16 | INFO     | uvicorn.server:_serve:83 - Started server process [1821771]
2025-05-21 21:03:16 | INFO     | uvicorn.lifespan.on:startup:48 - Waiting for application startup.
2025-05-21 21:03:16 | INFO     | uvicorn.lifespan.on:startup:62 - Application startup complete.
2025-05-21 21:03:22 | INFO     | uvicorn.server:shutdown:263 - Shutting down
2025-05-21 21:03:24 | INFO     | uvicorn.server:_serve:83 - Started server process [1821976]
2025-05-21 21:03:24 | INFO     | uvicorn.lifespan.on:startup:48 - Waiting for application startup.
2025-05-21 21:03:24 | INFO     | uvicorn.lifespan.on:startup:62 - Application startup complete.
2025-05-21 21:03:49 | INFO     | uvicorn.server:shutdown:263 - Shutting down
2025-05-21 21:03:49 | INFO     | uvicorn.lifespan.on:shutdown:67 - Waiting for application shutdown.
2025-05-21 21:03:51 | INFO     | uvicorn.server:_serve:83 - Started server process [1822372]
2025-05-21 21:03:51 | INFO     | uvicorn.lifespan.on:startup:48 - Waiting for application startup.
2025-05-21 21:03:51 | INFO     | uvicorn.lifespan.on:startup:62 - Application startup complete.
2025-05-21 21:04:25 | INFO     | uvicorn.server:shutdown:263 - Shutting down
2025-05-21 21:04:27 | INFO     | uvicorn.server:_serve:83 - Started server process [1822957]
2025-05-21 21:04:27 | INFO     | uvicorn.lifespan.on:startup:48 - Waiting for application startup.
2025-05-21 21:04:27 | INFO     | uvicorn.lifespan.on:startup:62 - Application startup complete.
2025-05-21 21:04:59 | INFO     | uvicorn.server:shutdown:263 - Shutting down
2025-05-21 21:04:59 | INFO     | uvicorn.lifespan.on:shutdown:67 - Waiting for application shutdown.
2025-05-21 21:05:01 | INFO     | uvicorn.server:_serve:83 - Started server process [1823465]
2025-05-21 21:05:01 | INFO     | uvicorn.lifespan.on:startup:48 - Waiting for application startup.
2025-05-21 21:05:01 | INFO     | uvicorn.lifespan.on:startup:62 - Application startup complete.
2025-05-21 21:05:31 | INFO     | uvicorn.server:shutdown:263 - Shutting down
2025-05-21 21:05:32 | INFO     | uvicorn.server:_serve:83 - Started server process [1823948]
2025-05-21 21:05:32 | INFO     | uvicorn.lifespan.on:startup:48 - Waiting for application startup.
2025-05-21 21:05:32 | INFO     | uvicorn.lifespan.on:startup:62 - Application startup complete.
2025-05-21 21:06:09 | INFO     | uvicorn.server:shutdown:263 - Shutting down
2025-05-21 21:06:14 | INFO     | uvicorn.server:_serve:83 - Started server process [1824689]
2025-05-21 21:06:14 | INFO     | uvicorn.lifespan.on:startup:48 - Waiting for application startup.
2025-05-21 21:06:14 | INFO     | uvicorn.lifespan.on:startup:62 - Application startup complete.
2025-05-21 21:07:25 | INFO     | uvicorn.server:shutdown:263 - Shutting down
2025-05-21 21:07:25 | INFO     | uvicorn.lifespan.on:shutdown:67 - Waiting for application shutdown.
2025-05-21 21:07:29 | INFO     | uvicorn.server:_serve:83 - Started server process [1825769]
2025-05-21 21:07:29 | INFO     | uvicorn.lifespan.on:startup:48 - Waiting for application startup.
2025-05-21 21:07:29 | INFO     | uvicorn.lifespan.on:startup:62 - Application startup complete.
2025-05-21 21:09:31 | INFO     | uvicorn.server:shutdown:263 - Shutting down
2025-05-21 21:09:31 | INFO     | uvicorn.lifespan.on:shutdown:67 - Waiting for application shutdown.
2025-05-21 21:09:33 | INFO     | uvicorn.server:_serve:83 - Started server process [1827480]
2025-05-21 21:09:33 | INFO     | uvicorn.lifespan.on:startup:48 - Waiting for application startup.
2025-05-21 21:09:33 | INFO     | uvicorn.lifespan.on:startup:62 - Application startup complete.
2025-05-21 21:10:57 | INFO     | uvicorn.server:_serve:83 - Started server process [1828805]
2025-05-21 21:10:57 | INFO     | uvicorn.lifespan.on:startup:48 - Waiting for application startup.
2025-05-21 21:10:57 | INFO     | uvicorn.lifespan.on:startup:62 - Application startup complete.
2025-05-21 21:11:04 | INFO     | uvicorn.protocols.http.h11_impl:send:473 - 127.0.0.1:55320 - "GET /openapi.json HTTP/1.1" 200
2025-05-21 21:20:05 | INFO     | app.services.database_service:__init__:21 - Initializing database connection to: postgresql+asyncpg://postgres:postgres@localhost:5432/postgres
2025-05-21 21:20:05 | INFO     | app.services.database_service:__init__:28 - Database engine created successfully
2025-05-21 21:20:05 | INFO     | sqlalchemy.log:log:210 - select pg_catalog.version()
2025-05-21 21:20:05 | INFO     | sqlalchemy.log:log:210 - [raw sql] ()
2025-05-21 21:20:05 | INFO     | sqlalchemy.log:log:210 - select current_schema()
2025-05-21 21:20:05 | INFO     | sqlalchemy.log:log:210 - [raw sql] ()
2025-05-21 21:20:05 | INFO     | sqlalchemy.log:log:210 - show standard_conforming_strings
2025-05-21 21:20:05 | INFO     | sqlalchemy.log:log:210 - [raw sql] ()
2025-05-21 21:20:05 | INFO     | sqlalchemy.log:log:210 - BEGIN (implicit)
2025-05-21 21:20:05 | INFO     | sqlalchemy.log:log:210 - SELECT users.id, users.username 
FROM users 
WHERE users.username = $1::VARCHAR
2025-05-21 21:20:05 | INFO     | sqlalchemy.log:log:210 - [generated in 0.00067s] ('OttavioAP',)
2025-05-21 21:20:05 | INFO     | app.core.repository.user_repository:get_by_username:21 - User found: <app.schema.repository.user.UserSchema object at 0x783b670628c0>
2025-05-21 21:20:05 | ERROR    | app.core.repository.user_repository:get_by_username:24 - Error getting user by username: This result object is closed.
2025-05-21 21:20:05 | INFO     | uvicorn.protocols.http.h11_impl:send:473 - 127.0.0.1:40018 - "POST /user/get_user_by_username?username=OttavioAP HTTP/1.1" 500
2025-05-21 21:20:05 | INFO     | sqlalchemy.log:log:210 - ROLLBACK
2025-05-21 21:20:45 | INFO     | sqlalchemy.log:log:210 - BEGIN (implicit)
2025-05-21 21:20:45 | INFO     | sqlalchemy.log:log:210 - SELECT users.id, users.username 
FROM users 
WHERE users.username = $1::VARCHAR
2025-05-21 21:20:45 | INFO     | sqlalchemy.log:log:210 - [cached since 39.73s ago] ('OttavioAP',)
2025-05-21 21:20:56 | INFO     | app.core.repository.user_repository:get_by_username:21 - User found: <app.schema.repository.user.UserSchema object at 0x783b67060970>
2025-05-21 21:21:28 | ERROR    | app.core.repository.user_repository:get_by_username:24 - Error getting user by username: This result object is closed.
2025-05-21 21:21:28 | INFO     | uvicorn.protocols.http.h11_impl:send:473 - 127.0.0.1:40624 - "POST /user/get_user_by_username?username=OttavioAP HTTP/1.1" 500
2025-05-21 21:21:28 | INFO     | sqlalchemy.log:log:210 - ROLLBACK
2025-05-21 21:22:50 | INFO     | uvicorn.server:shutdown:263 - Shutting down
2025-05-21 21:22:54 | INFO     | uvicorn.server:_serve:83 - Started server process [1841090]
2025-05-21 21:22:54 | INFO     | uvicorn.lifespan.on:startup:48 - Waiting for application startup.
2025-05-21 21:22:54 | INFO     | uvicorn.lifespan.on:startup:62 - Application startup complete.
2025-05-21 21:23:01 | INFO     | app.services.database_service:__init__:21 - Initializing database connection to: postgresql+asyncpg://postgres:postgres@localhost:5432/postgres
2025-05-21 21:23:01 | INFO     | app.services.database_service:__init__:28 - Database engine created successfully
2025-05-21 21:23:03 | INFO     | sqlalchemy.log:log:210 - select pg_catalog.version()
2025-05-21 21:23:03 | INFO     | sqlalchemy.log:log:210 - [raw sql] ()
2025-05-21 21:23:03 | INFO     | sqlalchemy.log:log:210 - select current_schema()
2025-05-21 21:23:03 | INFO     | sqlalchemy.log:log:210 - [raw sql] ()
2025-05-21 21:23:03 | INFO     | sqlalchemy.log:log:210 - show standard_conforming_strings
2025-05-21 21:23:03 | INFO     | sqlalchemy.log:log:210 - [raw sql] ()
2025-05-21 21:23:03 | INFO     | sqlalchemy.log:log:210 - BEGIN (implicit)
2025-05-21 21:23:03 | INFO     | sqlalchemy.log:log:210 - SELECT users.id, users.username 
FROM users 
WHERE users.username = $1::VARCHAR
2025-05-21 21:23:03 | INFO     | sqlalchemy.log:log:210 - [generated in 0.00095s] ('test',)
2025-05-21 21:23:11 | INFO     | app.core.repository.user_repository:get_by_username:22 - User found: None
2025-05-21 21:23:22 | INFO     | uvicorn.protocols.http.h11_impl:send:473 - 127.0.0.1:52718 - "POST /user/get_user_by_username?username=test HTTP/1.1" 500
2025-05-21 21:23:22 | INFO     | sqlalchemy.log:log:210 - ROLLBACK
2025-05-21 21:23:55 | INFO     | uvicorn.server:shutdown:263 - Shutting down
2025-05-21 21:23:57 | INFO     | uvicorn.server:_serve:83 - Started server process [1842170]
2025-05-21 21:23:57 | INFO     | uvicorn.lifespan.on:startup:48 - Waiting for application startup.
2025-05-21 21:23:57 | INFO     | uvicorn.lifespan.on:startup:62 - Application startup complete.
2025-05-21 21:24:09 | INFO     | app.services.database_service:__init__:21 - Initializing database connection to: postgresql+asyncpg://postgres:postgres@localhost:5432/postgres
2025-05-21 21:24:09 | INFO     | app.services.database_service:__init__:28 - Database engine created successfully
2025-05-21 21:24:09 | INFO     | sqlalchemy.log:log:210 - select pg_catalog.version()
2025-05-21 21:24:09 | INFO     | sqlalchemy.log:log:210 - [raw sql] ()
2025-05-21 21:24:09 | INFO     | sqlalchemy.log:log:210 - select current_schema()
2025-05-21 21:24:09 | INFO     | sqlalchemy.log:log:210 - [raw sql] ()
2025-05-21 21:24:09 | INFO     | sqlalchemy.log:log:210 - show standard_conforming_strings
2025-05-21 21:24:09 | INFO     | sqlalchemy.log:log:210 - [raw sql] ()
2025-05-21 21:24:09 | INFO     | sqlalchemy.log:log:210 - BEGIN (implicit)
2025-05-21 21:24:09 | INFO     | sqlalchemy.log:log:210 - SELECT users.id, users.username 
FROM users 
WHERE users.username = $1::VARCHAR
2025-05-21 21:24:09 | INFO     | sqlalchemy.log:log:210 - [generated in 0.00117s] ('test',)
2025-05-21 21:24:09 | INFO     | app.core.repository.user_repository:get_by_username:22 - User found: None
2025-05-21 21:24:23 | INFO     | sqlalchemy.log:log:210 - INSERT INTO users (id, username) VALUES ($1::UUID, $2::VARCHAR)
2025-05-21 21:24:23 | INFO     | sqlalchemy.log:log:210 - [generated in 0.00212s] (UUID('5aa5aa2f-895a-42e1-9c71-0b3c90596d59'), 'test')
2025-05-21 21:24:26 | INFO     | sqlalchemy.log:log:210 - COMMIT
2025-05-21 21:24:26 | INFO     | sqlalchemy.log:log:210 - BEGIN (implicit)
2025-05-21 21:24:26 | INFO     | sqlalchemy.log:log:210 - SELECT users.id, users.username 
FROM users 
WHERE users.id = $1::UUID
2025-05-21 21:24:26 | INFO     | sqlalchemy.log:log:210 - [generated in 0.00105s] (UUID('5aa5aa2f-895a-42e1-9c71-0b3c90596d59'),)
2025-05-21 21:24:31 | INFO     | sqlalchemy.log:log:210 - ROLLBACK
2025-05-21 21:24:31 | INFO     | uvicorn.protocols.http.h11_impl:send:473 - 127.0.0.1:33416 - "POST /user/get_user_by_username?username=test HTTP/1.1" 200
2025-05-21 21:25:36 | INFO     | sqlalchemy.log:log:210 - BEGIN (implicit)
2025-05-21 21:25:36 | INFO     | sqlalchemy.log:log:210 - SELECT users.id, users.username 
FROM users 
WHERE users.username = $1::VARCHAR
2025-05-21 21:25:36 | INFO     | sqlalchemy.log:log:210 - [cached since 86.61s ago] ('testi',)
2025-05-21 21:25:36 | INFO     | app.core.repository.user_repository:get_by_username:22 - User found: None
2025-05-21 21:25:46 | INFO     | sqlalchemy.log:log:210 - INSERT INTO users (id, username) VALUES ($1::UUID, $2::VARCHAR)
2025-05-21 21:25:46 | INFO     | sqlalchemy.log:log:210 - [cached since 83.15s ago] (UUID('07133605-85a6-4958-877f-367dc7c2d4fa'), 'testi')
2025-05-21 21:25:46 | INFO     | sqlalchemy.log:log:210 - COMMIT
2025-05-21 21:25:46 | INFO     | uvicorn.server:shutdown:263 - Shutting down
2025-05-21 21:25:46 | INFO     | sqlalchemy.log:log:210 - BEGIN (implicit)
2025-05-21 21:25:46 | INFO     | sqlalchemy.log:log:210 - SELECT users.id, users.username 
FROM users 
WHERE users.id = $1::UUID
2025-05-21 21:25:46 | INFO     | sqlalchemy.log:log:210 - [cached since 79.69s ago] (UUID('07133605-85a6-4958-877f-367dc7c2d4fa'),)
2025-05-21 21:25:46 | INFO     | sqlalchemy.log:log:210 - ROLLBACK
2025-05-21 21:25:46 | INFO     | uvicorn.protocols.http.h11_impl:send:473 - 127.0.0.1:36342 - "POST /user/get_user_by_username?username=testi HTTP/1.1" 200
2025-05-21 21:25:46 | INFO     | uvicorn.lifespan.on:shutdown:67 - Waiting for application shutdown.
2025-05-21 21:25:48 | INFO     | uvicorn.server:_serve:83 - Started server process [1844088]
2025-05-21 21:25:48 | INFO     | uvicorn.lifespan.on:startup:48 - Waiting for application startup.
2025-05-21 21:25:48 | INFO     | uvicorn.lifespan.on:startup:62 - Application startup complete.
2025-05-21 21:26:30 | INFO     | app.services.database_service:__init__:21 - Initializing database connection to: postgresql+asyncpg://postgres:postgres@localhost:5432/postgres
2025-05-21 21:26:30 | INFO     | app.services.database_service:__init__:28 - Database engine created successfully
2025-05-21 21:26:30 | INFO     | sqlalchemy.log:log:210 - select pg_catalog.version()
2025-05-21 21:26:30 | INFO     | sqlalchemy.log:log:210 - [raw sql] ()
2025-05-21 21:26:30 | INFO     | sqlalchemy.log:log:210 - select current_schema()
2025-05-21 21:26:30 | INFO     | sqlalchemy.log:log:210 - [raw sql] ()
2025-05-21 21:26:30 | INFO     | sqlalchemy.log:log:210 - show standard_conforming_strings
2025-05-21 21:26:30 | INFO     | sqlalchemy.log:log:210 - [raw sql] ()
2025-05-21 21:26:30 | INFO     | sqlalchemy.log:log:210 - BEGIN (implicit)
2025-05-21 21:26:30 | INFO     | sqlalchemy.log:log:210 - SELECT users.id, users.username 
FROM users 
WHERE users.username = $1::VARCHAR
2025-05-21 21:26:30 | INFO     | sqlalchemy.log:log:210 - [generated in 0.00078s] ('test',)
2025-05-21 21:26:30 | INFO     | app.core.repository.user_repository:get_by_username:23 - User found: <app.schema.repository.user.UserSchema object at 0x70a77c186920>
2025-05-21 21:26:30 | INFO     | sqlalchemy.log:log:210 - ROLLBACK
2025-05-21 21:26:30 | INFO     | uvicorn.protocols.http.h11_impl:send:473 - 127.0.0.1:55254 - "POST /user/get_user_by_username?username=test HTTP/1.1" 200
